[    0.000000] Linux version 4.15.0-58-generic (buildd@lcy01-amd64-013) (gcc version 7.4.0 (Ubuntu 7.4.0-1ubuntu1~18.04.1)) #64-Ubuntu SMP Tue Aug 6 11:12:41 UTC 2019 (Ubuntu 4.15.0-58.64-generic 4.15.18)
[    0.000000] Command line: BOOT_IMAGE=/boot/vmlinuz-4.15.0-58-generic root=LABEL=cloudimg-rootfs ro console=tty1 console=ttyS0
[    0.000000] KERNEL supported cpus:
[    0.000000]   Intel GenuineIntel
[    0.000000]   AMD AuthenticAMD
[    0.000000]   Centaur CentaurHauls
[    0.000000] x86/fpu: Supporting XSAVE feature 0x001: 'x87 floating point registers'
[    0.000000] x86/fpu: Supporting XSAVE feature 0x002: 'SSE registers'
[    0.000000] x86/fpu: Supporting XSAVE feature 0x004: 'AVX registers'
[    0.000000] x86/fpu: xstate_offset[2]:  576, xstate_sizes[2]:  256
[    0.000000] x86/fpu: Enabled xstate features 0x7, context size is 832 bytes, using 'standard' format.
[    0.000000] e820: BIOS-provided physical RAM map:
[    0.000000] BIOS-e820: [mem 0x0000000000000000-0x000000000009fbff] usable
[    0.000000] BIOS-e820: [mem 0x000000000009fc00-0x000000000009ffff] reserved
[    0.000000] BIOS-e820: [mem 0x00000000000f0000-0x00000000000fffff] reserved
[    0.000000] BIOS-e820: [mem 0x0000000000100000-0x00000000dffeffff] usable
[    0.000000] BIOS-e820: [mem 0x00000000dfff0000-0x00000000dfffffff] ACPI data
[    0.000000] BIOS-e820: [mem 0x00000000fec00000-0x00000000fec00fff] reserved
[    0.000000] BIOS-e820: [mem 0x00000000fee00000-0x00000000fee00fff] reserved
[    0.000000] BIOS-e820: [mem 0x00000000fffc0000-0x00000000ffffffff] reserved
[    0.000000] BIOS-e820: [mem 0x0000000100000000-0x000000021fffffff] usable
[    0.000000] NX (Execute Disable) protection: active
[    0.000000] SMBIOS 2.5 present.
[    0.000000] DMI: innotek GmbH VirtualBox/VirtualBox, BIOS VirtualBox 12/01/2006
[    0.000000] Hypervisor detected: KVM
[    0.000000] e820: last_pfn = 0x220000 max_arch_pfn = 0x400000000
[    0.000000] MTRR: Disabled
[    0.000000] x86/PAT: MTRRs disabled, skipping PAT initialization too.
[    0.000000] CPU MTRRs all blank - virtualized system.
[    0.000000] x86/PAT: Configuration [0-7]: WB  WT  UC- UC  WB  WT  UC- UC  
[    0.000000] e820: last_pfn = 0xdfff0 max_arch_pfn = 0x400000000
[    0.000000] found SMP MP-table at [mem 0x0009fff0-0x0009ffff] mapped at [        (ptrval)]
[    0.000000] Scanning 1 areas for low memory corruption
[    0.000000] RAMDISK: [mem 0x35a8f000-0x36d3efff]
[    0.000000] ACPI: Early table checksum verification disabled
[    0.000000] ACPI: RSDP 0x00000000000E0000 000024 (v02 VBOX  )
[    0.000000] ACPI: XSDT 0x00000000DFFF0030 00003C (v01 VBOX   VBOXXSDT 00000001 ASL  00000061)
[    0.000000] ACPI: FACP 0x00000000DFFF00F0 0000F4 (v04 VBOX   VBOXFACP 00000001 ASL  00000061)
[    0.000000] ACPI: DSDT 0x00000000DFFF0470 0022EA (v02 VBOX   VBOXBIOS 00000002 INTL 20180105)
[    0.000000] ACPI: FACS 0x00000000DFFF0200 000040
[    0.000000] ACPI: FACS 0x00000000DFFF0200 000040
[    0.000000] ACPI: APIC 0x00000000DFFF0240 00005C (v02 VBOX   VBOXAPIC 00000001 ASL  00000061)
[    0.000000] ACPI: SSDT 0x00000000DFFF02A0 0001CC (v01 VBOX   VBOXCPUT 00000002 INTL 20180105)
[    0.000000] No NUMA configuration found
[    0.000000] Faking a node at [mem 0x0000000000000000-0x000000021fffffff]
[    0.000000] NODE_DATA(0) allocated [mem 0x21ffd1000-0x21fffbfff]
[    0.000000] kvm-clock: cpu 0, msr 2:1ff50001, primary cpu clock
[    0.000000] kvm-clock: Using msrs 4b564d01 and 4b564d00
[    0.000000] kvm-clock: using sched offset of 3056144779 cycles
[    0.000000] clocksource: kvm-clock: mask: 0xffffffffffffffff max_cycles: 0x1cd42e4dffb, max_idle_ns: 881590591483 ns
[    0.000000] Zone ranges:
[    0.000000]   DMA      [mem 0x0000000000001000-0x0000000000ffffff]
[    0.000000]   DMA32    [mem 0x0000000001000000-0x00000000ffffffff]
[    0.000000]   Normal   [mem 0x0000000100000000-0x000000021fffffff]
[    0.000000]   Device   empty
[    0.000000] Movable zone start for each node
[    0.000000] Early memory node ranges
[    0.000000]   node   0: [mem 0x0000000000001000-0x000000000009efff]
[    0.000000]   node   0: [mem 0x0000000000100000-0x00000000dffeffff]
[    0.000000]   node   0: [mem 0x0000000100000000-0x000000021fffffff]
[    0.000000] Reserved but unavailable: 98 pages
[    0.000000] Initmem setup node 0 [mem 0x0000000000001000-0x000000021fffffff]
[    0.000000] ACPI: PM-Timer IO Port: 0x4008
[    0.000000] IOAPIC[0]: apic_id 2, version 32, address 0xfec00000, GSI 0-23
[    0.000000] ACPI: INT_SRC_OVR (bus 0 bus_irq 0 global_irq 2 dfl dfl)
[    0.000000] ACPI: INT_SRC_OVR (bus 0 bus_irq 9 global_irq 9 low level)
[    0.000000] Using ACPI (MADT) for SMP configuration information
[    0.000000] smpboot: Allowing 2 CPUs, 0 hotplug CPUs
[    0.000000] PM: Registered nosave memory: [mem 0x00000000-0x00000fff]
[    0.000000] PM: Registered nosave memory: [mem 0x0009f000-0x0009ffff]
[    0.000000] PM: Registered nosave memory: [mem 0x000a0000-0x000effff]
[    0.000000] PM: Registered nosave memory: [mem 0x000f0000-0x000fffff]
[    0.000000] PM: Registered nosave memory: [mem 0xdfff0000-0xdfffffff]
[    0.000000] PM: Registered nosave memory: [mem 0xe0000000-0xfebfffff]
[    0.000000] PM: Registered nosave memory: [mem 0xfec00000-0xfec00fff]
[    0.000000] PM: Registered nosave memory: [mem 0xfec01000-0xfedfffff]
[    0.000000] PM: Registered nosave memory: [mem 0xfee00000-0xfee00fff]
[    0.000000] PM: Registered nosave memory: [mem 0xfee01000-0xfffbffff]
[    0.000000] PM: Registered nosave memory: [mem 0xfffc0000-0xffffffff]
[    0.000000] e820: [mem 0xe0000000-0xfebfffff] available for PCI devices
[    0.000000] Booting paravirtualized kernel on KVM
[    0.000000] clocksource: refined-jiffies: mask: 0xffffffff max_cycles: 0xffffffff, max_idle_ns: 7645519600211568 ns
[    0.000000] random: get_random_bytes called from start_kernel+0x99/0x4fd with crng_init=0
[    0.000000] setup_percpu: NR_CPUS:8192 nr_cpumask_bits:2 nr_cpu_ids:2 nr_node_ids:1
[    0.000000] percpu: Embedded 46 pages/cpu @        (ptrval) s151552 r8192 d28672 u1048576
[    0.000000] PV qspinlock hash table entries: 256 (order: 0, 4096 bytes)
[    0.000000] Built 1 zonelists, mobility grouping on.  Total pages: 2064249
[    0.000000] Policy zone: Normal
[    0.000000] Kernel command line: BOOT_IMAGE=/boot/vmlinuz-4.15.0-58-generic root=LABEL=cloudimg-rootfs ro console=tty1 console=ttyS0
[    0.000000] Memory: 8142836K/8388152K available (12300K kernel code, 2478K rwdata, 4280K rodata, 2424K init, 2384K bss, 245316K reserved, 0K cma-reserved)
[    0.000000] SLUB: HWalign=64, Order=0-3, MinObjects=0, CPUs=2, Nodes=1
[    0.000000] Kernel/User page tables isolation: enabled
[    0.000000] ftrace: allocating 39243 entries in 154 pages
[    0.004000] Hierarchical RCU implementation.
[    0.004000] 	RCU restricting CPUs from NR_CPUS=8192 to nr_cpu_ids=2.
[    0.004000] 	Tasks RCU enabled.
[    0.004000] RCU: Adjusting geometry for rcu_fanout_leaf=16, nr_cpu_ids=2
[    0.004000] NR_IRQS: 524544, nr_irqs: 440, preallocated irqs: 16
[    0.004000] Console: colour VGA+ 80x25
[    0.004000] console [tty1] enabled
[    0.004000] console [ttyS0] enabled
[    0.004000] ACPI: Core revision 20170831
[    0.004000] ACPI: 2 ACPI AML tables successfully acquired and loaded
[    0.004000] APIC: Switch to symmetric I/O mode setup
[    0.004000] x2apic enabled
[    0.004000] Switched APIC routing to physical x2apic.
[    0.004000] ..TIMER: vector=0x30 apic1=0 pin1=2 apic2=-1 pin2=-1
[    0.004000] tsc: Detected 3192.000 MHz processor
[    0.004000] Calibrating delay loop (skipped) preset value.. 6384.00 BogoMIPS (lpj=12768000)
[    0.004003] pid_max: default: 32768 minimum: 301
[    0.004514] Security Framework initialized
[    0.004956] Yama: becoming mindful.
[    0.005359] AppArmor: AppArmor initialized
[    0.007476] Dentry cache hash table entries: 1048576 (order: 11, 8388608 bytes)
[    0.008766] Inode-cache hash table entries: 524288 (order: 10, 4194304 bytes)
[    0.009482] Mount-cache hash table entries: 16384 (order: 5, 131072 bytes)
[    0.010405] Mountpoint-cache hash table entries: 16384 (order: 5, 131072 bytes)
[    0.011470] mce: CPU supports 0 MCE banks
[    0.012013] Last level iTLB entries: 4KB 64, 2MB 8, 4MB 8
[    0.012591] Last level dTLB entries: 4KB 64, 2MB 0, 4MB 0, 1GB 4
[    0.013192] Spectre V1 : Mitigation: usercopy/swapgs barriers and __user pointer sanitization
[    0.014063] Spectre V2 : Mitigation: Full generic retpoline
[    0.014662] Spectre V2 : Spectre v2 / SpectreRSB mitigation: Filling RSB on context switch
[    0.016001] Speculative Store Bypass: Vulnerable
[    0.016527] MDS: Mitigation: Clear CPU buffers
[    0.017053] Freeing SMP alternatives memory: 36K
[    0.020000] smpboot: CPU0: Intel(R) Core(TM) i7-8700 CPU @ 3.20GHz (family: 0x6, model: 0x9e, stepping: 0xa)
[    0.020000] Performance Events: unsupported p6 CPU model 158 no PMU driver, software events only.
[    0.020000] Hierarchical SRCU implementation.
[    0.020000] NMI watchdog: Perf event create on CPU 0 failed with -2
[    0.020000] NMI watchdog: Perf NMI watchdog permanently disabled
[    0.020430] smp: Bringing up secondary CPUs ...
[    0.021013] x86: Booting SMP configuration:
[    0.021469] .... node  #0, CPUs:      #1
[    0.004000] kvm-clock: cpu 1, msr 2:1ff50041, secondary cpu clock
[    0.004000] mce: CPU supports 0 MCE banks
[    0.024015] smp: Brought up 1 node, 2 CPUs
[    0.024446] smpboot: Max logical packages: 1
[    0.024908] smpboot: Total of 2 processors activated (12768.00 BogoMIPS)
[    0.025789] devtmpfs: initialized
[    0.025789] x86/mm: Memory block size: 128MB
[    0.028383] evm: security.selinux
[    0.028756] evm: security.SMACK64
[    0.029131] evm: security.SMACK64EXEC
[    0.029523] evm: security.SMACK64TRANSMUTE
[    0.029964] evm: security.SMACK64MMAP
[    0.030357] evm: security.apparmor
[    0.030749] evm: security.ima
[    0.031094] evm: security.capability
[    0.031547] clocksource: jiffies: mask: 0xffffffff max_cycles: 0xffffffff, max_idle_ns: 7645041785100000 ns
[    0.032005] futex hash table entries: 512 (order: 3, 32768 bytes)
[    0.032667] pinctrl core: initialized pinctrl subsystem
[    0.033268] RTC time: 11:31:17, date: 09/30/19
[    0.033841] NET: Registered protocol family 16
[    0.034365] audit: initializing netlink subsys (disabled)
[    0.034942] audit: type=2000 audit(1569843082.213:1): state=initialized audit_enabled=0 res=1
[    0.036061] cpuidle: using governor ladder
[    0.036534] cpuidle: using governor menu
[    0.037055] ACPI: bus type PCI registered
[    0.037562] acpiphp: ACPI Hot Plug PCI Controller Driver version: 0.5
[    0.038386] PCI: Using configuration type 1 for base access
[    0.040731] HugeTLB registered 2.00 MiB page size, pre-allocated 0 pages
[    0.040744] ACPI: Added _OSI(Module Device)
[    0.040744] ACPI: Added _OSI(Processor Device)
[    0.041003] ACPI: Added _OSI(3.0 _SCP Extensions)
[    0.041517] ACPI: Added _OSI(Processor Aggregator Device)
[    0.042079] ACPI: Added _OSI(Linux-Dell-Video)
[    0.044005] ACPI: Added _OSI(Linux-Lenovo-NV-HDMI-Audio)
[    0.044561] ACPI: Added _OSI(Linux-HPI-Hybrid-Graphics)
[    0.045296] ACPI: Executed 1 blocks of module-level executable AML code
[    0.048694] ACPI: Interpreter enabled
[    0.049144] ACPI: (supports S0 S5)
[    0.049523] ACPI: Using IOAPIC for interrupt routing
[    0.050186] PCI: Using host bridge windows from ACPI; if necessary, use "pci=nocrs" and report a bug
[    0.051214] ACPI: Enabled 2 GPEs in block 00 to 07
[    0.055608] ACPI: PCI Root Bridge [PCI0] (domain 0000 [bus 00-ff])
[    0.056005] acpi PNP0A03:00: _OSC: OS supports [ASPM ClockPM Segments MSI]
[    0.057020] acpi PNP0A03:00: _OSC: not requesting OS control; OS requires [ExtendedConfig ASPM ClockPM MSI]
[    0.058447] acpi PNP0A03:00: fail to add MMCONFIG information, can't access extended PCI configuration space under this bridge.
[    0.060147] PCI host bridge to bus 0000:00
[    0.060593] pci_bus 0000:00: root bus resource [io  0x0000-0x0cf7 window]
[    0.061288] pci_bus 0000:00: root bus resource [io  0x0d00-0xffff window]
[    0.061978] pci_bus 0000:00: root bus resource [mem 0x000a0000-0x000bffff window]
[    0.062759] pci_bus 0000:00: root bus resource [mem 0xe0000000-0xfdffffff window]
[    0.063540] pci_bus 0000:00: root bus resource [bus 00-ff]
[    0.065133] pci 0000:00:01.1: legacy IDE quirk: reg 0x10: [io  0x01f0-0x01f7]
[    0.065839] pci 0000:00:01.1: legacy IDE quirk: reg 0x14: [io  0x03f6]
[    0.066505] pci 0000:00:01.1: legacy IDE quirk: reg 0x18: [io  0x0170-0x0177]
[    0.067222] pci 0000:00:01.1: legacy IDE quirk: reg 0x1c: [io  0x0376]
[    0.125407] pci 0000:00:07.0: quirk: [io  0x4000-0x403f] claimed by PIIX4 ACPI
[    0.126240] pci 0000:00:07.0: quirk: [io  0x4100-0x410f] claimed by PIIX4 SMB
[    0.164745] ACPI: PCI Interrupt Link [LNKA] (IRQs 5 9 10 *11)
[    0.165635] ACPI: PCI Interrupt Link [LNKB] (IRQs 5 9 *10 11)
[    0.166338] ACPI: PCI Interrupt Link [LNKC] (IRQs 5 *9 10 11)
[    0.167008] ACPI: PCI Interrupt Link [LNKD] (IRQs 5 9 10 *11)
[    0.167918] SCSI subsystem initialized
[    0.168042] pci 0000:00:02.0: vgaarb: setting as boot VGA device
[    0.168667] pci 0000:00:02.0: vgaarb: VGA device added: decodes=io+mem,owns=io+mem,locks=none
[    0.169532] pci 0000:00:02.0: vgaarb: bridge control possible
[    0.170149] vgaarb: loaded
[    0.170746] ACPI: bus type USB registered
[    0.171265] usbcore: registered new interface driver usbfs
[    0.172013] usbcore: registered new interface driver hub
[    0.172682] usbcore: registered new device driver usb
[    0.173344] EDAC MC: Ver: 3.0.0
[    0.173344] PCI: Using ACPI for IRQ routing
[    0.173344] NetLabel: Initializing
[    0.173344] NetLabel:  domain hash size = 128
[    0.176002] NetLabel:  protocols = UNLABELED CIPSOv4 CALIPSO
[    0.176700] NetLabel:  unlabeled traffic allowed by default
[    0.178162] clocksource: Switched to clocksource kvm-clock
[    0.184842] VFS: Disk quotas dquot_6.6.0
[    0.185384] VFS: Dquot-cache hash table entries: 512 (order 0, 4096 bytes)
[    0.186277] AppArmor: AppArmor Filesystem Enabled
[    0.186914] pnp: PnP ACPI init
[    0.187949] pnp: PnP ACPI: found 3 devices
[    0.195589] clocksource: acpi_pm: mask: 0xffffff max_cycles: 0xffffff, max_idle_ns: 2085701024 ns
[    0.196621] NET: Registered protocol family 2
[    0.197291] TCP established hash table entries: 65536 (order: 7, 524288 bytes)
[    0.198257] TCP bind hash table entries: 65536 (order: 8, 1048576 bytes)
[    0.199300] TCP: Hash tables configured (established 65536 bind 65536)
[    0.199988] UDP hash table entries: 4096 (order: 5, 131072 bytes)
[    0.200757] UDP-Lite hash table entries: 4096 (order: 5, 131072 bytes)
[    0.201561] NET: Registered protocol family 1
[    0.202120] pci 0000:00:00.0: Limiting direct PCI/PCI transfers
[    0.202858] pci 0000:00:01.0: Activating ISA DMA hang workarounds
[    0.203643] pci 0000:00:02.0: Video device with shadowed ROM at [mem 0x000c0000-0x000dffff]
[    0.204605] Unpacking initramfs...
[    0.385386] Freeing initrd memory: 19136K
[    0.385955] PCI-DMA: Using software bounce buffering for IO (SWIOTLB)
[    0.386769] software IO TLB: mapped [mem 0xdbff0000-0xdfff0000] (64MB)
[    0.387760] clocksource: tsc: mask: 0xffffffffffffffff max_cycles: 0x2e02c4a121d, max_idle_ns: 440795236083 ns
[    0.389228] platform rtc_cmos: registered platform RTC device (no PNP device found)
[    0.390364] Scanning for low memory corruption every 60 seconds
[    0.391862] Initialise system trusted keyrings
[    0.392631] Key type blacklist registered
[    0.393274] workingset: timestamp_bits=36 max_order=21 bucket_order=0
[    0.394696] zbud: loaded
[    0.395453] squashfs: version 4.0 (2009/01/31) Phillip Lougher
[    0.396319] fuse init (API version 7.26)
[    0.398689] Key type asymmetric registered
[    0.399213] Asymmetric key parser 'x509' registered
[    0.399836] Block layer SCSI generic (bsg) driver version 0.4 loaded (major 246)
[    0.400867] io scheduler noop registered
[    0.401397] io scheduler deadline registered
[    0.401948] io scheduler cfq registered (default)
[    0.402769] ACPI: AC Adapter [AC] (on-line)
[    0.403332] input: Power Button as /devices/LNXSYSTM:00/LNXPWRBN:00/input/input0
[    0.404326] ACPI: Power Button [PWRF]
[    0.404845] input: Sleep Button as /devices/LNXSYSTM:00/LNXSLPBN:00/input/input1
[    0.405759] ACPI: Sleep Button [SLPF]
[    0.406465] Serial: 8250/16550 driver, 32 ports, IRQ sharing enabled
[    0.427631] 00:02: ttyS0 at I/O 0x3f8 (irq = 4, base_baud = 115200) is a 16550A
[    0.430407] Linux agpgart interface v0.103
[    0.432314] loop: module loaded
[    0.433303] scsi host0: ata_piix
[    0.436105] scsi host1: ata_piix
[    0.436616] ata1: PATA max UDMA/33 cmd 0x1f0 ctl 0x3f6 bmdma 0xd000 irq 14
[    0.437809] ata2: PATA max UDMA/33 cmd 0x170 ctl 0x376 bmdma 0xd008 irq 15
[    0.439120] libphy: Fixed MDIO Bus: probed
[    0.439740] tun: Universal TUN/TAP device driver, 1.6
[    0.440504] PPP generic driver version 2.4.2
[    0.441147] ehci_hcd: USB 2.0 'Enhanced' Host Controller (EHCI) Driver
[    0.442096] ehci-pci: EHCI PCI platform driver
[    0.442780] ehci-platform: EHCI generic platform driver
[    0.443684] ohci_hcd: USB 1.1 'Open' Host Controller (OHCI) Driver
[    0.444836] ohci-pci: OHCI PCI platform driver
[    0.445527] ohci-platform: OHCI generic platform driver
[    0.446175] uhci_hcd: USB Universal Host Controller Interface driver
[    0.446980] i8042: PNP: PS/2 Controller [PNP0303:PS2K,PNP0f03:PS2M] at 0x60,0x64 irq 1,12
[    0.448306] serio: i8042 KBD port at 0x60,0x64 irq 1
[    0.448936] serio: i8042 AUX port at 0x60,0x64 irq 12
[    0.449738] mousedev: PS/2 mouse device common for all mice
[    0.450834] input: AT Translated Set 2 keyboard as /devices/platform/i8042/serio0/input/input2
[    0.452300] rtc_cmos rtc_cmos: rtc core: registered rtc_cmos as rtc0
[    0.453100] rtc_cmos rtc_cmos: alarms up to one day, 114 bytes nvram
[    0.453865] i2c /dev entries driver
[    0.454352] device-mapper: uevent: version 1.0.3
[    0.455031] device-mapper: ioctl: 4.37.0-ioctl (2017-09-20) initialised: dm-devel@redhat.com
[    0.456164] ledtrig-cpu: registered to indicate activity on CPUs
[    0.457147] NET: Registered protocol family 10
[    0.460089] Segment Routing with IPv6
[    0.460572] NET: Registered protocol family 17
[    0.461155] Key type dns_resolver registered
[    0.461845] RAS: Correctable Errors collector initialized.
[    0.462577] sched_clock: Marking stable (461821972, 0)->(732757048, -270935076)
[    0.463892] registered taskstats version 1
[    0.464509] Loading compiled-in X.509 certificates
[    0.467179] Loaded X.509 cert 'Build time autogenerated kernel key: e343dd3e31c9820cf0adf0156bc2eecdcfc394af'
[    0.468520] zswap: loaded using pool lzo/zbud
[    0.471179] Key type big_key registered
[    0.471676] Key type trusted registered
[    0.473188] Key type encrypted registered
[    0.473698] AppArmor: AppArmor sha1 policy hashing enabled
[    0.474365] ima: No TPM chip found, activating TPM-bypass! (rc=-19)
[    0.475129] ima: Allocated hash algorithm: sha1
[    0.475702] evm: HMAC attrs: 0x1
[    0.476299]   Magic number: 3:916:530
[    0.476783] tty ttyS10: hash matches
[    0.477332] rtc_cmos rtc_cmos: setting system clock to 2019-09-30 11:31:17 UTC (1569843077)
[    0.478442] BIOS EDD facility v0.16 2004-Jun-25, 0 devices found
[    0.479178] EDD information not available.
[    0.604631] Freeing unused kernel image memory: 2424K
[    0.616156] Write protecting the kernel read-only data: 20480k
[    0.624566] Freeing unused kernel image memory: 2008K
[    0.629045] Freeing unused kernel image memory: 1864K
[    0.648401] x86/mm: Checked W+X mappings: passed, no W+X pages found.
[    0.650240] x86/mm: Checking user space page tables
[    0.659006] x86/mm: Checked W+X mappings: passed, no W+X pages found.
Loading, please wait...
starting version 237
[    0.717271] e1000: Intel(R) PRO/1000 Network Driver - version 7.3.21-k8-NAPI
[    0.718110] e1000: Copyright (c) 1999-2006 Intel Corporation.
[    0.718813] Fusion MPT base driver 3.04.20
[    0.719297] Copyright (c) 1999-2008 LSI Corporation
[    0.720079] AVX2 version of gcm_enc/dec engaged.
[    0.720674] AES CTR mode by8 optimization enabled
[    0.722903] Fusion MPT SPI Host driver 3.04.20
[    0.921398] input: ImExPS/2 Generic Explorer Mouse as /devices/platform/i8042/serio1/input/input4
[    1.062697] e1000 0000:00:03.0 eth0: (PCI:33MHz:32-bit) 02:cc:50:df:d9:b9
[    1.064717] e1000 0000:00:03.0 eth0: Intel(R) PRO/1000 Network Connection
[    1.067123] mptbase: ioc0: Initiating bringup
[    1.217614] ioc0: LSI53C1030 A0: Capabilities={Initiator}
[    1.821511] scsi host2: ioc0: LSI53C1030 A0, FwRev=00000000h, Ports=1, MaxQ=256, IRQ=20
[    2.342309] scsi 2:0:0:0: Direct-Access     VBOX     HARDDISK         1.0  PQ: 0 ANSI: 5
[    2.380225] scsi target2:0:0: Beginning Domain Validation
[    2.389400] scsi target2:0:0: Domain Validation skipping write tests
[    2.393368] scsi target2:0:0: Ending Domain Validation
[    2.396897] scsi target2:0:0: asynchronous
[    2.401643] scsi 2:0:1:0: Direct-Access     VBOX     HARDDISK         1.0  PQ: 0 ANSI: 5
[    2.668162] scsi target2:0:1: Beginning Domain Validation
[    2.670592] random: fast init done
[    2.670593] scsi target2:0:1: Domain Validation skipping write tests
[    2.670595] scsi target2:0:1: Ending Domain Validation
[    2.672617] scsi target2:0:1: asynchronous
[    2.675759] random: systemd-udevd: uninitialized urandom read (16 bytes read)
[    2.676559] random: systemd-udevd: uninitialized urandom read (16 bytes read)
[    2.677308] random: systemd-udevd: uninitialized urandom read (16 bytes read)
[    2.678243] sd 2:0:0:0: Attached scsi generic sg0 type 0
[    2.678250] sd 2:0:0:0: [sda] 20971520 512-byte logical blocks: (10.7 GB/10.0 GiB)
[    2.679171] sd 2:0:1:0: Attached scsi generic sg1 type 0
[    2.680145] sd 2:0:0:0: [sda] Write Protect is off
[    2.681673] sd 2:0:0:0: [sda] Incomplete mode parameter data
[    2.681677] sd 2:0:1:0: [sdb] 20480 512-byte logical blocks: (10.5 MB/10.0 MiB)
[    2.682480] sd 2:0:0:0: [sda] Assuming drive cache: write through
[    2.684357] sd 2:0:1:0: [sdb] Write Protect is off
[    2.685129] sd 2:0:1:0: [sdb] Incomplete mode parameter data
[    2.685777] sd 2:0:1:0: [sdb] Assuming drive cache: write through
[    2.688039]  sda: sda1
[    2.689000] sd 2:0:0:0: [sda] Attached SCSI disk
[    2.690141] sd 2:0:1:0: [sdb] Attached SCSI disk
[    2.711558] e1000 0000:00:08.0 eth1: (PCI:33MHz:32-bit) 08:00:27:21:d3:1c
[    2.712555] e1000 0000:00:08.0 eth1: Intel(R) PRO/1000 Network Connection
[    2.714261] e1000 0000:00:08.0 enp0s8: renamed from eth1
[    2.732405] e1000 0000:00:03.0 enp0s3: renamed from eth0
Begin: Loading essential drivers ... [    4.100872] raid6: sse2x1   gen() 15079 MB/s
[    4.148213] raid6: sse2x1   xor() 10633 MB/s
[    4.196746] raid6: sse2x2   gen() 18293 MB/s
[    4.244417] raid6: sse2x2   xor() 11835 MB/s
[    4.296822] raid6: sse2x4   gen() 20023 MB/s
[    4.346817] raid6: sse2x4   xor() 12600 MB/s
[    4.392305] raid6: avx2x1   gen() 28155 MB/s
[    4.446742] raid6: avx2x1   xor() 22453 MB/s
[    4.492070] raid6: avx2x2   gen() 33544 MB/s
[    4.546737] raid6: avx2x2   xor() 23916 MB/s
[    4.592055] raid6: avx2x4   gen() 39219 MB/s
[    4.640392] raid6: avx2x4   xor() 23317 MB/s
[    4.640928] raid6: using algorithm avx2x4 gen() 39219 MB/s
[    4.641491] raid6: .... xor() 23317 MB/s, rmw enabled
[    4.642058] raid6: using avx2x2 recovery algorithm
[    4.643649] xor: automatically using best checksumming function   avx       
[    4.645697] async_tx: api initialized (async)
done.
Begin: Running /scripts/init-premount ... done.
Begin: Mounting root file system ... Begin: Running /scripts/local-top ... done.
Begin: Running /scripts/local-premount ... [    4.678747] Btrfs loaded, crc32c=crc32c-intel
Scanning for Btrfs filesystems
done.
Warning: fsck not present, so skipping root file system
[    4.701495] EXT4-fs (sda1): mounted filesystem with ordered data mode. Opts: (null)
done.
Begin: Running /scripts/local-bottom ... done.
Begin: Running /scripts/init-bottom ... done.
[    4.829556] ip_tables: (C) 2000-2006 Netfilter Core Team
[    4.836820] systemd[1]: systemd 237 running in system mode. (+PAM +AUDIT +SELINUX +IMA +APPARMOR +SMACK +SYSVINIT +UTMP +LIBCRYPTSETUP +GCRYPT +GNUTLS +ACL +XZ +LZ4 +SECCOMP +BLKID +ELFUTILS +KMOD -IDN2 +IDN -PCRE2 default-hierarchy=hybrid)
[    4.840629] systemd[1]: Detected virtualization oracle.
[    4.841718] systemd[1]: Detected architecture x86-64.

Welcome to [1mUbuntu 18.04.3 LTS[0m!

[    4.846578] systemd[1]: Set hostname to <ubuntu>.
[    4.849232] systemd[1]: Initializing machine ID from random generator.
[    4.850384] systemd[1]: Installed transient /etc/machine-id file.
[    5.027595] systemd[1]: Started Forward Password Requests to Wall Directory Watch.
[[0;32m  OK  [0m] Started Forward Password Requests to Wall Directory Watch.
[    5.030638] systemd[1]: Created slice User and Session Slice.
[[0;32m  OK  [0m] Created slice User and Session Slice.
[    5.032036] systemd[1]: Set up automount Arbitrary Executable File Formats File System Automount Point.
[[0;32m  OK  [0m] Set up automount Arbitrary Executab…rmats File System Automount Point.
[    5.034264] systemd[1]: Reached target User and Group Name Lookups.
[[0;32m  OK  [0m] Reached target User and Group Name Lookups.
[[0;32m  OK  [0m] Reached target Swap.
[[0;32m  OK  [0m] Reached target System Time Synchronized.
[[0;32m  OK  [0m] Created slice System Slice.
[[0;32m  OK  [0m] Listening on Syslog Socket.
[[0;32m  OK  [0m] Listening on Journal Audit Socket.
[[0;32m  OK  [0m] Listening on Device-mapper event daemon FIFOs.
[[0;32m  OK  [0m] Reached target Slices.
[[0;32m  OK  [0m] Listening on Network Service Netlink Socket.
[[0;32m  OK  [0m] Listening on LVM2 poll daemon socket.
[[0;32m  OK  [0m] Listening on udev Control Socket.
[[0;32m  OK  [0m] Created slice system-serial\x2dgetty.slice.
[[0;32m  OK  [0m] Listening on /dev/initctl Compatibility Named Pipe.
[[0;32m  OK  [0m] Listening on Journal Socket (/dev/log).
[[0;32m  OK  [0m] Listening on Journal Socket.
         Mounting Kernel Debug File System...
         Mounting POSIX Message Queue File System...
         Starting Create list of required st…ce nodes for the current kernel...
         Starting Uncomplicated firewall...
         Starting Journal Service...
         Starting Remount Root and Kernel File Systems...
         Starting Load Kernel Modules...
         Starting Set the console keyboard layout...
[[0;32m  OK  [0m] Listening on LVM2 metadata daemon socket.
         Starting Monitoring of LVM2 mirrors…ng dmeventd or progress polling...
         Mounting Huge Pages File System...
[[0;32m  OK  [0m] Listening on udev Kernel Socket.
         Starting udev Coldplug all Devices...
[[0;32m  OK  [0m] Mounted Kernel Debug File System.
[[0;32m  OK  [0m] Mounted POSIX Message Queue File System.
[[0;32m  OK  [0m] Started Create list of required sta…vice nodes for the current kernel.
[[0;32m  OK  [0m] Started Uncomplicated firewall.
[[0;32m  OK  [0m] Mounted Huge Pages File System.
         Starting Create Static Device Nodes in /dev...
[[0;32m  OK  [0m] Started LVM2 metadata daemon.
[    5.122613] Loading iSCSI transport class v2.0-870.
[    5.127161] iscsi: registered transport (tcp)
[[0;32m  OK  [0m] Started Journal Service.
[[0;32m  OK  [0m] Started udev Coldplug all Devices.
[[0;32m  OK  [0[    5.178568] EXT4-fs (sda1): re-mounted. Opts: (null)
m] Started Create Static Device Nodes in /dev.
[[0;32m  OK  [0m] Started Remount Root and Kernel File Systems.
[    5.191567] iscsi: registered transport (iser)
         Starting Flush Journal to Persistent Storage...
         Starting Load/Save Random Seed...
         Starting udev Kernel Device Manager...
[[0;32m  OK  [0m] Started Load Kernel Modules.
         Mounting FUSE Control File System...
         Mounting Kernel Configuration File System...
         Starting Apply Kernel Variables...
[[0;32m  OK  [0m] Started Monitoring of LVM2 mirrors,…sing dmeventd or progress polling.
[[0;32m  OK  [0m] Started Load/Save Random Seed.
[[0;32m  OK  [0m] Mounted FUSE Control File System.
[[0;32m  OK  [0m] Mounted Kernel Configuration File System.
[[0;32m  OK  [0m] Started udev Kernel Device Manager.
[    5.239533] systemd-journald[383]: Received request to flush runtime journal from PID 1
[[0;32m  OK  [0m] Started Apply Kernel Variables.
[[0;32m  OK  [0m] Started Flush Journal to Persistent Storage.
[[0;32m  OK  [0m] Found device /dev/ttyS0.
[[0;32m  OK  [0m] Listening on Load/Save RF Kill Switch Status /dev/rfkill Watch.
[[0;32m  OK  [0m] Started Set the console keyboard layout.
[[0;32m  OK  [0m] Started Dispatch Password Requests to Console Directory Watch.
[[0;32m  OK  [0m] Reached target Local Encrypted Volumes.
[[0;32m  OK  [0m] Reached target Local File Systems (Pre).
[[0;32m  OK  [0m] Reached target Local File Systems.
         Starting Commit a transient machine-id on disk...
         Starting Set console font and keymap...
         Starting ebtables ruleset management...
         Starting Tell Plymouth To Write Out Runtime Data...
         Starting Create Volatile Files and Directories...
         Starting AppArmor initialization...
[[0;32m  OK  [0m] Started Set console font and keymap.
[[0;32m  OK  [0m] Started Tell Plymouth To Write Out Runtime Data.
[[0;32m  OK  [0m] Started Create Volatile Files and Directories.
         Starting Update UTMP about System Boot/Shutdown...
[[0;32m  OK  [0m] Started Update UTMP about System Boot/Shutdown.
[[0;32m  OK  [0m] Started Commit a transient machine-id on disk.
[[0;32m  OK  [0m] Started ebtables ruleset management.
[[0;32m  OK  [0m] Started AppArmor initialization.
         Starting Initial cloud-init job (pre-networking)...
[    7.163689] cloud-init[665]: Cloud-init v. 19.1-1-gbaa47854-0ubuntu1~18.04.1 running 'init-local' at Mon, 30 Sep 2019 11:31:23 +0000. Up 6.92 seconds.
[[0;32m  OK  [0m] Started Initial cloud-init job (pre-networking).
[[0;32m  OK  [0m] Reached target Network (Pre).
         Starting Network Service...
[[0;32m  OK  [0m] Started Network Service.
         Starting Wait for Network to be Configured...
         Starting Network Name Resolution...
[[0;32m  OK  [0m] Started Network Name Resolution.
[[0;32m  OK  [0m] Reached target Host and Network Name Lookups.
[[0;32m  OK  [0m] Reached target Network.
[[0;32m  OK  [0m] Started Wait for Network to be Configured.
         Starting Initial cloud-init job (metadata service crawler)...
[    8.704746] cloud-init[782]: Cloud-init v. 19.1-1-gbaa47854-0ubuntu1~18.04.1 running 'init' at Mon, 30 Sep 2019 11:31:25 +0000. Up 8.61 seconds.
[    8.706001] cloud-init[782]: ci-info: ++++++++++++++++++++++++++++++++++++++Net device info+++++++++++++++++++++++++++++++++++++++
[    8.707020] cloud-init[782]: ci-info: +--------+-------+----------------------------+---------------+--------+-------------------+
[    8.707931] cloud-init[782]: ci-info: | Device |   Up  |          Address           |      Mask     | Scope  |     Hw-Address    |
[    8.708837] cloud-init[782]: ci-info: +--------+-------+----------------------------+---------------+--------+-------------------+
[    8.709814] cloud-init[782]: ci-info: | enp0s3 |  True |         10.0.2.15          | 255.255.255.0 | global | 02:cc:50:df:d9:b9 |
[    8.710746] cloud-init[782]: ci-info: | enp0s3 |  True | fe80::cc:50ff:fedf:d9b9/64 |       .       |  link  | 02:cc:50:df:d9:b9 |
[    8.711610] cloud-init[782]: ci-info: | enp0s8 | False |             .              |       .       |   .    | 08:00:27:21:d3:1c |
[    8.712526] cloud-init[782]: ci-info: |   lo   |  True |         127.0.0.1          |   255.0.0.0   |  host  |         .         |
[    8.713380] cloud-init[782]: ci-info: |   lo   |  True |          ::1/128           |       .       |  host  |         .         |
[    8.714259] cloud-init[782]: ci-info: +--------+-------+----------------------------+---------------+--------+-------------------+
[    8.715125] cloud-init[782]: ci-info: ++++++++++++++++++++++++++++Route IPv4 info+++++++++++++++++++++++++++++
[    8.715879] cloud-init[782]: ci-info: +-------+-------------+----------+-----------------+-----------+-------+
[    8.716689] cloud-init[782]: ci-info: | Route | Destination | Gateway  |     Genmask     | Interface | Flags |
[    8.717500] cloud-init[782]: ci-info: +-------+-------------+----------+-----------------+-----------+-------+
[    8.718222] cloud-init[782]: ci-info: |   0   |   0.0.0.0   | 10.0.2.2 |     0.0.0.0     |   enp0s3  |   UG  |
[    8.718986] cloud-init[782]: ci-info: |   1   |   10.0.2.0  | 0.0.0.0  |  255.255.255.0  |   enp0s3  |   U   |
[    8.719786] cloud-init[782]: ci-info: |   2   |   10.0.2.2  | 0.0.0.0  | 255.255.255.255 |   enp0s3  |   UH  |
[    8.720570] cloud-init[782]: ci-info: +-------+-------------+----------+-----------------+-----------+-------+
[    8.721374] cloud-init[782]: ci-info: +++++++++++++++++++Route IPv6 info+++++++++++++++++++
[    8.722026] cloud-init[782]: ci-info: +-------+-------------+---------+-----------+-------+
[    8.722698] cloud-init[782]: ci-info: | Route | Destination | Gateway | Interface | Flags |
[    8.723304] cloud-init[782]: ci-info: +-------+-------------+---------+-----------+-------+
[    8.723999] cloud-init[782]: ci-info: |   1   |  fe80::/64  |    ::   |   enp0s3  |   U   |
[    8.724644] cloud-init[782]: ci-info: |   3   |    local    |    ::   |   enp0s3  |   U   |
[    8.725318] cloud-init[782]: ci-info: |   4   |   ff00::/8  |    ::   |   enp0s3  |   U   |
[    8.725925] cloud-init[782]: ci-info: +-------+-------------+---------+-----------+-------+
[   10.720059] cloud-init[782]: Generating public/private rsa key pair.
[   10.720563] cloud-init[782]: Your identification has been saved in /etc/ssh/ssh_host_rsa_key.
[   10.721138] cloud-init[782]: Your public key has been saved in /etc/ssh/ssh_host_rsa_key.pub.
[   10.721813] cloud-init[782]: The key fingerprint is:
[   10.722207] cloud-init[782]: SHA256:TM2ZoKcjwZD/+6/mNM8NmowEVfgTyaitOP7krCr6GcE root@ubuntu-bionic
[   10.722870] cloud-init[782]: The key's randomart image is:
[   10.723337] cloud-init[782]: +---[RSA 2048]----+
[   10.723777] cloud-init[782]: |  ..   +o.       |
[   10.724167] cloud-init[782]: |  .o  oo++ o     |
[   10.724577] cloud-init[782]: |   .ooo.o.=      |
[   10.724983] cloud-init[782]: | .  oo.=o        |
[   10.725360] cloud-init[782]: |  E.ooo S.       |
[   10.725771] cloud-init[782]: |  o..o..         |
[   10.726157] cloud-init[782]: | .... ..o .      |
[   10.726589] cloud-init[782]: |. .* ..+.* o     |
[   10.726994] cloud-init[782]: |=o+o+ .+Bo+ .    |
[   10.727401] cloud-init[782]: +----[SHA256]-----+
[   10.727797] cloud-init[782]: Generating public/private dsa key pair.
[   10.728187] cloud-init[782]: Your identification has been saved in /etc/ssh/ssh_host_dsa_key.
[   10.728791] cloud-init[782]: Your public key has been saved in /etc/ssh/ssh_host_dsa_key.pub.
[   10.729394] cloud-init[782]: The key fingerprint is:
[   10.729733] cloud-init[782]: SHA256:4aGqBhZp/nRhbaN+l+yWr4GhkZD6+WTOyOqDzQvZtTg root@ubuntu-bionic
[   10.730379] cloud-init[782]: The key's randomart image is:
[   10.730836] cloud-init[782]: +---[DSA 1024]----+
[   10.731172] cloud-init[782]: |                 |
[   10.731523] cloud-init[782]: |    .            |
[   10.731872] cloud-init[782]: |  .o  . o        |
[   10.732240] cloud-init[782]: | +. .o.* o       |
[   10.732571] cloud-init[782]: |o.. oo=.S        |
[   10.732898] cloud-init[782]: |.=.+.=o o        |
[   10.733223] cloud-init[782]: |=+Eo=+ ...o      |
[   10.733574] cloud-init[782]: |.o=+B. . *.      |
[   10.733930] cloud-init[782]: |.+=+ +. +oo.     |
[   10.734279] cloud-init[782]: +----[SHA256]-----+
[   10.734630] cloud-init[782]: Generating public/private ecdsa key pair.
[   10.735128] cloud-init[782]: Your identification has been saved in /etc/ssh/ssh_host_ecdsa_key.
[   10.735717] cloud-init[782]: Your public key has been saved in /etc/ssh/ssh_host_ecdsa_key.pub.
[   10.736357] cloud-init[782]: The key fingerprint is:
[   10.736718] cloud-init[782]: SHA256:qSck62rHdCfRj2G+NhrppRhDH1OLozGy/p+Gio5xTws root@ubuntu-bionic
[   10.737386] cloud-init[782]: The key's randomart image is:
[   10.737760] cloud-init[782]: +---[ECDSA 256]---+
[   10.738100] cloud-init[782]: |                 |
[   10.738465] cloud-init[782]: |                 |
[   10.738770] cloud-init[782]: |       ..        |
[   10.739135] cloud-init[782]: |      .o+o       |
[   10.739484] cloud-init[782]: |  . = *+S+       |
[   10.739815] cloud-init[782]: |   +.Oo*+ .      |
[   10.740171] cloud-init[782]: |. Eo*o*oo.       |
[   10.740526] cloud-init[782]: |.=.=+*.B+        |
[   10.740849] cloud-init[782]: |+o+=*o*o .       |
[   10.741190] cloud-init[782]: +----[SHA256]-----+
[   10.741556] cloud-init[782]: Generating public/private ed25519 key pair.
[   10.742039] cloud-init[782]: Your identification has been saved in /etc/ssh/ssh_host_ed25519_key.
[   10.742675] cloud-init[782]: Your public key has been saved in /etc/ssh/ssh_host_ed25519_key.pub.
[   10.743315] cloud-init[782]: The key fingerprint is:
[   10.743701] cloud-init[782]: SHA256:xM2GY6PwykVrWKarGVZgcqcuPdYwlGUiBpEH+kdjn3s root@ubuntu-bionic
[   10.744365] cloud-init[782]: The key's randomart image is:
[   10.744738] cloud-init[782]: +--[ED25519 256]--+
[   10.745097] cloud-init[782]: |*=. o            |
[   10.745457] cloud-init[782]: |+..=   . +       |
[   10.745819] cloud-init[782]: |o.* * + B +      |
[   10.746181] cloud-init[782]: | * * @ * +       |
[   10.746545] cloud-init[782]: |  = = O S        |
[   10.746919] cloud-init[782]: | o B = .         |
[   10.747262] cloud-init[782]: |. B = . E        |
[   10.747625] cloud-init[782]: | + =   .         |
[   10.748022] cloud-init[782]: |  o              |
[   10.748304] cloud-init[782]: +----[SHA256]-----+
[[0;32m  OK  [0m] Started Initial cloud-init job (metadata service crawler).
[[0;32m  OK  [0m] Reached target Network is Online.
         Starting Availability of block devices...
[[0;32m  OK  [0m] Reached target Remote File Systems (Pre).
[[0;32m  OK  [0m] Reached target Remote File Systems.
[[0;32m  OK  [0m] Reached target Cloud-config availability.
[[0;32m  OK  [0m] Reached target System Initialization.
[[0;32m  OK  [0m] Started Discard unused blocks once a week.
[[0;32m  OK  [0m] Listening on Open-iSCSI iscsid Socket.
         Starting Socket activation for snappy daemon.
[[0;32m  OK  [0m] Listening on D-Bus System Message Bus Socket.
[[0;32m  OK  [0m] Started Daily Cleanup of Temporary Directories.
[[0;32m  OK  [0m] Started ACPI Events Check.
[[0;32m  OK  [0m] Reached target Paths.
[[0;32m  OK  [0m] Listening on UUID daemon activation socket.
[[0;32m  OK  [0m] Started Message of the Day.
         Starting LXD - unix socket.
[[0;32m  OK  [0m] Listening on ACPID Listen Socket.
[[0;32m  OK  [0m] Started Daily apt download activities.
[[0;32m  OK  [0m] Started Daily apt upgrade and clean activities.
[[0;32m  OK  [0m] Reached target Timers.
[[0;32m  OK  [0m] Started Availability of block devices.
[[0;32m  OK  [0m] Listening on Socket activation for snappy daemon.
[[0;32m  OK  [0m] Listening on LXD - unix socket.
[[0;32m  OK  [0m] Reached target Sockets.
[[0;32m  OK  [0m] Reached target Basic System.
         Starting LXD - container startup/shutdown...
         Starting Dispatcher daemon for systemd-networkd...
         Starting Snappy daemon...
[[0;32m  OK  [0m] Started Regular background program processing daemon.
         Starting LSB: automatic crash report generation...
         Starting Accounts Service...
         Starting LSB: Record successful boot for GRUB...
         Starting Permit User Sessions...
         Starting Login Service...
         Starting Virtualbox guest utils...
[[0;32m  OK  [0m] Started Deferred execution scheduler.
[[0;32m  OK  [0m] Started FUSE filesystem for LXC.
         Starting System Logging Service...
[[0;32m  OK  [0m] Started D-Bus System Message Bus.
[[0;32m  OK  [0m] Started Login Service.
[[0;32m  OK  [0m] Started Unattended Upgrades Shutdown.
         Starting Pollinate to seed the pseudo random number generator...
[[0;32m  OK  [0m] Started irqbalance daemon.
[[0;32m  OK  [0m] Started System Logging Service.
[[0;32m  OK  [0m] Started LXD - container startup/shutdown.
[[0;32m  OK  [0m] Started Permit User Sessions.
         Starting Hold until boot process finishes up...
         Starting Terminate Plymouth Boot Screen...
[[0;32m  OK  [0m] Started Hold until boot process finishes up.
[[0;32m  OK  [0m] Started Serial Getty on ttyS0.
         Starting Set console scheme...
[[0;32m  OK  [0m] Started Terminate Plymouth Boot Screen.
[[0;32m  OK  [0m] Started Set console scheme.
[[0;32m  OK  [0m] Created slice system-getty.slice.
[[0;32m  OK  [0m] Started Getty on tty1.
[[0;32m  OK  [0m] Reached target Login Prompts.
         Starting Authorization Manager...
[[0;32m  OK  [0m] Started LSB: automatic crash report generation.
[[0;32m  OK  [0m] Started LSB: Record successful boot for GRUB.
[[0;32m  OK  [0m] Started Authorization Manager.
[[0;32m  OK  [0m] Started Accounts Service.
[[0;32m  OK  [0m] Started Virtualbox guest utils.
[[0;32m  OK  [0m] Started Dispatcher daemon for systemd-networkd.
[[0;32m  OK  [0m] Started Snappy daemon.
         Starting Wait until snapd is fully seeded...
[[0;32m  OK  [0m] Started Pollinate to seed the pseudo random number generator.
         Starting OpenBSD Secure Shell server...
[[0;32m  OK  [0m] Started OpenBSD Secure Shell server.
[[0;32m  OK  [0m] Created slice User Slice of vagrant.
         Starting User Manager for UID 1000...
[[0;32m  OK  [0m] Started Session 1 of user vagrant.
[[0;32m  OK  [0m] Started User Manager for UID 1000.
[[0;32m  OK  [0m] Started Wait until snapd is fully seeded.
[[0;32m  OK  [0m] Reached target Multi-User System.
[[0;32m  OK  [0m] Reached target Graphical Interface.
         Starting Update UTMP about System Runlevel Changes...
         Starting Apply the settings specified in cloud-config...
[[0;32m  OK  [0m] Started Update UTMP about System Runlevel Changes.
[   13.144012] cloud-init[1398]: Cloud-init v. 19.1-1-gbaa47854-0ubuntu1~18.04.1 running 'modules:config' at Mon, 30 Sep 2019 11:31:29 +0000. Up 12.85 seconds.
[[0;32m  OK  [0m] Started Apply the settings specified in cloud-config.
         Starting Execute cloud user/final scripts...
ci-info: no authorized ssh keys fingerprints found for user ubuntu.
<14>Sep 30 11:31:30 ec2: 
<14>Sep 30 11:31:30 ec2: #############################################################
<14>Sep 30 11:31:30 ec2: -----BEGIN SSH HOST KEY FINGERPRINTS-----
<14>Sep 30 11:31:30 ec2: 1024 SHA256:4aGqBhZp/nRhbaN+l+yWr4GhkZD6+WTOyOqDzQvZtTg root@ubuntu-bionic (DSA)
<14>Sep 30 11:31:30 ec2: 256 SHA256:qSck62rHdCfRj2G+NhrppRhDH1OLozGy/p+Gio5xTws root@ubuntu-bionic (ECDSA)
<14>Sep 30 11:31:30 ec2: 256 SHA256:xM2GY6PwykVrWKarGVZgcqcuPdYwlGUiBpEH+kdjn3s root@ubuntu-bionic (ED25519)
<14>Sep 30 11:31:30 ec2: 2048 SHA256:TM2ZoKcjwZD/+6/mNM8NmowEVfgTyaitOP7krCr6GcE root@ubuntu-bionic (RSA)
<14>Sep 30 11:31:30 ec2: -----END SSH HOST KEY FINGERPRINTS-----
<14>Sep 30 11:31:30 ec2: #############################################################
-----BEGIN SSH HOST KEY KEYS-----
ecdsa-sha2-nistp256 AAAAE2VjZHNhLXNoYTItbmlzdHAyNTYAAAAIbmlzdHAyNTYAAABBBP39gSq9AdZJZZZlTAouOn3xYtxXalueSYaMbCm5EmgbdFqJ7T0kBIf28KF1WruZLeB39Aq90/Dr2D5b/g2zHjU= root@ubuntu-bionic
ssh-ed25519 AAAAC3NzaC1lZDI1NTE5AAAAIB0TkjQh8MTGyLZgTWgGaqxYkzt+sa2ClbiaK8GVSFQS root@ubuntu-bionic
ssh-rsa AAAAB3NzaC1yc2EAAAADAQABAAABAQDDtL8o+82mJbR411WZj6mhw8iYz+tesK18w1PtfVSfiHNMmjVPnVV2JFiMbAu01tvwkMM44sP8aF/NG1/jfTHzrUc3FyJ9tQdTe7zuHn8mqVws+u9sTnoydl8QplbNTP5/B+Eih4h1QdjXy2vBsiZgig+ENDNDXj63p5s4/TaRHI/s9Dhx7K56CkrXKg+6p0cNLNZ44UVR8CJKVpGFoJFiUFyOudVUtaJKRxWxIR6o/g+beIMS6yV5x8nis7+8youT7z6PuQZpIKAWXWchC3lc0Iqt+izl1z8+J12tjCdMgbwJQ/N+G5rqELIkt3nkKXx0s4kh5be1x3DZfz9LXetl root@ubuntu-bionic
-----END SSH HOST KEY KEYS-----
[   13.529519] cloud-init[1465]: Cloud-init v. 19.1-1-gbaa47854-0ubuntu1~18.04.1 running 'modules:final' at Mon, 30 Sep 2019 11:31:30 +0000. Up 13.41 seconds.
[   13.530417] cloud-init[1465]: ci-info: no authorized ssh keys fingerprints found for user ubuntu.
[   13.531066] cloud-init[1465]: Cloud-init v. 19.1-1-gbaa47854-0ubuntu1~18.04.1 finished at Mon, 30 Sep 2019 11:31:30 +0000. Datasource DataSourceNoCloud [seed=/dev/sdb][dsmode=net].  Up 13.52 seconds
[[0;32m  OK  [0m] Started Execute cloud user/final scripts.
[[0;32m  OK  [0m] Reached target Cloud-init target.

Ubuntu 18.04.3 LTS ubuntu-bionic ttyS0

ubuntu-bionic login: 